<?xml version="1.0" encoding="UTF-8"?>
<testsuite name="com.example.admin.web.PostApiControllerTest" tests="2" skipped="0" failures="0" errors="0" timestamp="2022-01-17T09:00:13" hostname="angnyonaneuliim" time="0.491">
  <properties/>
  <testcase name="Posts_등록된다" classname="com.example.admin.web.PostApiControllerTest" time="0.433"/>
  <testcase name="Posts_수정된다" classname="com.example.admin.web.PostApiControllerTest" time="0.054"/>
  <system-out><![CDATA[18:00:03.190 [Test worker] DEBUG org.springframework.test.context.junit4.SpringJUnit4ClassRunner - SpringJUnit4ClassRunner constructor called with [class com.example.admin.web.PostApiControllerTest]
18:00:03.194 [Test worker] DEBUG org.springframework.test.context.BootstrapUtils - Instantiating CacheAwareContextLoaderDelegate from class [org.springframework.test.context.cache.DefaultCacheAwareContextLoaderDelegate]
18:00:03.201 [Test worker] DEBUG org.springframework.test.context.BootstrapUtils - Instantiating BootstrapContext using constructor [public org.springframework.test.context.support.DefaultBootstrapContext(java.lang.Class,org.springframework.test.context.CacheAwareContextLoaderDelegate)]
18:00:03.226 [Test worker] DEBUG org.springframework.test.context.BootstrapUtils - Instantiating TestContextBootstrapper for test class [com.example.admin.web.PostApiControllerTest] from class [org.springframework.boot.test.context.SpringBootTestContextBootstrapper]
18:00:03.236 [Test worker] INFO org.springframework.boot.test.context.SpringBootTestContextBootstrapper - Neither @ContextConfiguration nor @ContextHierarchy found for test class [com.example.admin.web.PostApiControllerTest], using SpringBootContextLoader
18:00:03.238 [Test worker] DEBUG org.springframework.test.context.support.AbstractContextLoader - Did not detect default resource location for test class [com.example.admin.web.PostApiControllerTest]: class path resource [com/example/admin/web/PostApiControllerTest-context.xml] does not exist
18:00:03.239 [Test worker] DEBUG org.springframework.test.context.support.AbstractContextLoader - Did not detect default resource location for test class [com.example.admin.web.PostApiControllerTest]: class path resource [com/example/admin/web/PostApiControllerTestContext.groovy] does not exist
18:00:03.239 [Test worker] INFO org.springframework.test.context.support.AbstractContextLoader - Could not detect default resource locations for test class [com.example.admin.web.PostApiControllerTest]: no resource found for suffixes {-context.xml, Context.groovy}.
18:00:03.240 [Test worker] INFO org.springframework.test.context.support.AnnotationConfigContextLoaderUtils - Could not detect default configuration classes for test class [com.example.admin.web.PostApiControllerTest]: PostApiControllerTest does not declare any static, non-private, non-final, nested classes annotated with @Configuration.
18:00:03.295 [Test worker] DEBUG org.springframework.test.context.support.ActiveProfilesUtils - Could not find an 'annotation declaring class' for annotation type [org.springframework.test.context.ActiveProfiles] and class [com.example.admin.web.PostApiControllerTest]
18:00:03.447 [Test worker] DEBUG org.springframework.context.annotation.ClassPathScanningCandidateComponentProvider - Identified candidate component class: file [/Users/young/IdeaProjects/freelac/build/classes/java/main/com/example/admin/Application.class]
18:00:03.450 [Test worker] INFO org.springframework.boot.test.context.SpringBootTestContextBootstrapper - Found @SpringBootConfiguration com.example.admin.Application for test class com.example.admin.web.PostApiControllerTest
18:00:03.587 [Test worker] DEBUG org.springframework.boot.test.context.SpringBootTestContextBootstrapper - @TestExecutionListeners is not present for class [com.example.admin.web.PostApiControllerTest]: using defaults.
18:00:03.588 [Test worker] INFO org.springframework.boot.test.context.SpringBootTestContextBootstrapper - Loaded default TestExecutionListener class names from location [META-INF/spring.factories]: [org.springframework.security.test.context.support.WithSecurityContextTestExecutionListener, org.springframework.security.test.context.support.ReactorContextTestExecutionListener, org.springframework.boot.test.autoconfigure.restdocs.RestDocsTestExecutionListener, org.springframework.boot.test.autoconfigure.web.client.MockRestServiceServerResetTestExecutionListener, org.springframework.boot.test.autoconfigure.web.servlet.MockMvcPrintOnlyOnFailureTestExecutionListener, org.springframework.boot.test.autoconfigure.web.servlet.WebDriverTestExecutionListener, org.springframework.boot.test.mock.mockito.MockitoTestExecutionListener, org.springframework.boot.test.mock.mockito.ResetMocksTestExecutionListener, org.springframework.test.context.web.ServletTestExecutionListener, org.springframework.test.context.support.DirtiesContextBeforeModesTestExecutionListener, org.springframework.test.context.support.DependencyInjectionTestExecutionListener, org.springframework.test.context.support.DirtiesContextTestExecutionListener, org.springframework.test.context.transaction.TransactionalTestExecutionListener, org.springframework.test.context.jdbc.SqlScriptsTestExecutionListener]
18:00:03.608 [Test worker] INFO org.springframework.boot.test.context.SpringBootTestContextBootstrapper - Using TestExecutionListeners: [org.springframework.test.context.web.ServletTestExecutionListener@643a7ae2, org.springframework.test.context.support.DirtiesContextBeforeModesTestExecutionListener@f06f82, org.springframework.boot.test.mock.mockito.MockitoTestExecutionListener@4ec6d149, org.springframework.boot.test.autoconfigure.SpringBootDependencyInjectionTestExecutionListener@383f8314, org.springframework.test.context.support.DirtiesContextTestExecutionListener@fe5139b, org.springframework.test.context.transaction.TransactionalTestExecutionListener@c6af19a, org.springframework.test.context.jdbc.SqlScriptsTestExecutionListener@74de35c7, org.springframework.security.test.context.support.WithSecurityContextTestExecutionListener@30bd3f6b, org.springframework.security.test.context.support.ReactorContextTestExecutionListener@17638b2c, org.springframework.boot.test.autoconfigure.restdocs.RestDocsTestExecutionListener@4c5e5e7b, org.springframework.boot.test.autoconfigure.web.client.MockRestServiceServerResetTestExecutionListener@49ab2a3a, org.springframework.boot.test.autoconfigure.web.servlet.MockMvcPrintOnlyOnFailureTestExecutionListener@10341203, org.springframework.boot.test.autoconfigure.web.servlet.WebDriverTestExecutionListener@1b85c1c2, org.springframework.boot.test.mock.mockito.ResetMocksTestExecutionListener@2596f94f]
18:00:03.612 [Test worker] DEBUG org.springframework.test.annotation.ProfileValueUtils - Retrieved @ProfileValueSourceConfiguration [null] for test class [com.example.admin.web.PostApiControllerTest]
18:00:03.613 [Test worker] DEBUG org.springframework.test.annotation.ProfileValueUtils - Retrieved ProfileValueSource type [class org.springframework.test.annotation.SystemProfileValueSource] for class [com.example.admin.web.PostApiControllerTest]
18:00:03.613 [Test worker] DEBUG org.springframework.test.annotation.ProfileValueUtils - Retrieved @ProfileValueSourceConfiguration [null] for test class [com.example.admin.web.PostApiControllerTest]
18:00:03.613 [Test worker] DEBUG org.springframework.test.annotation.ProfileValueUtils - Retrieved ProfileValueSource type [class org.springframework.test.annotation.SystemProfileValueSource] for class [com.example.admin.web.PostApiControllerTest]
18:00:03.617 [Test worker] DEBUG org.springframework.test.context.support.AbstractDirtiesContextTestExecutionListener - Before test class: context [DefaultTestContext@7286902 testClass = PostApiControllerTest, testInstance = [null], testMethod = [null], testException = [null], mergedContextConfiguration = [WebMergedContextConfiguration@6b32b744 testClass = PostApiControllerTest, locations = '{}', classes = '{class com.example.admin.Application}', contextInitializerClasses = '[]', activeProfiles = '{}', propertySourceLocations = '{}', propertySourceProperties = '{org.springframework.boot.test.context.SpringBootTestContextBootstrapper=true, server.port=0}', contextCustomizers = set[org.springframework.boot.test.autoconfigure.properties.PropertyMappingContextCustomizer@0, org.springframework.boot.test.autoconfigure.web.servlet.WebDriverContextCustomizerFactory$Customizer@115720d, org.springframework.boot.test.context.filter.ExcludeFilterContextCustomizer@75a2e9c7, org.springframework.boot.test.json.DuplicateJsonObjectContextCustomizerFactory$DuplicateJsonObjectContextCustomizer@593f123, org.springframework.boot.test.mock.mockito.MockitoContextCustomizer@0, org.springframework.boot.test.web.client.TestRestTemplateContextCustomizer@40fba3d9], resourceBasePath = 'src/main/webapp', contextLoader = 'org.springframework.boot.test.context.SpringBootContextLoader', parent = [null]], attributes = map['org.springframework.test.context.web.ServletTestExecutionListener.activateListener' -> false]], class annotated with @DirtiesContext [false] with mode [null].
18:00:03.618 [Test worker] DEBUG org.springframework.test.annotation.ProfileValueUtils - Retrieved @ProfileValueSourceConfiguration [null] for test class [com.example.admin.web.PostApiControllerTest]
18:00:03.618 [Test worker] DEBUG org.springframework.test.annotation.ProfileValueUtils - Retrieved ProfileValueSource type [class org.springframework.test.annotation.SystemProfileValueSource] for class [com.example.admin.web.PostApiControllerTest]
18:00:03.624 [Test worker] DEBUG org.springframework.test.context.support.DependencyInjectionTestExecutionListener - Performing dependency injection for test context [[DefaultTestContext@7286902 testClass = PostApiControllerTest, testInstance = com.example.admin.web.PostApiControllerTest@173ae732, testMethod = [null], testException = [null], mergedContextConfiguration = [WebMergedContextConfiguration@6b32b744 testClass = PostApiControllerTest, locations = '{}', classes = '{class com.example.admin.Application}', contextInitializerClasses = '[]', activeProfiles = '{}', propertySourceLocations = '{}', propertySourceProperties = '{org.springframework.boot.test.context.SpringBootTestContextBootstrapper=true, server.port=0}', contextCustomizers = set[org.springframework.boot.test.autoconfigure.properties.PropertyMappingContextCustomizer@0, org.springframework.boot.test.autoconfigure.web.servlet.WebDriverContextCustomizerFactory$Customizer@115720d, org.springframework.boot.test.context.filter.ExcludeFilterContextCustomizer@75a2e9c7, org.springframework.boot.test.json.DuplicateJsonObjectContextCustomizerFactory$DuplicateJsonObjectContextCustomizer@593f123, org.springframework.boot.test.mock.mockito.MockitoContextCustomizer@0, org.springframework.boot.test.web.client.TestRestTemplateContextCustomizer@40fba3d9], resourceBasePath = 'src/main/webapp', contextLoader = 'org.springframework.boot.test.context.SpringBootContextLoader', parent = [null]], attributes = map['org.springframework.test.context.web.ServletTestExecutionListener.activateListener' -> false]]].
18:00:03.650 [Test worker] DEBUG org.springframework.test.context.support.TestPropertySourceUtils - Adding inlined properties to environment: {spring.jmx.enabled=false, org.springframework.boot.test.context.SpringBootTestContextBootstrapper=true, server.port=0}

  .   ____          _            __ _ _
 /\\ / ___'_ __ _ _(_)_ __  __ _ \ \ \ \
( ( )\___ | '_ | '_| | '_ \/ _` | \ \ \ \
 \\/  ___)| |_)| | | | | || (_| |  ) ) ) )
  '  |____| .__|_| |_|_| |_\__, | / / / /
 =========|_|==============|___/=/_/_/_/
 :: Spring Boot ::        (v2.1.9.RELEASE)

2022-01-17 18:00:04.103  INFO 16318 --- [    Test worker] c.e.admin.web.PostApiControllerTest      : Starting PostApiControllerTest on angnyonaneuliim with PID 16318 (started by young in /Users/young/IdeaProjects/freelac)
2022-01-17 18:00:04.106  INFO 16318 --- [    Test worker] c.e.admin.web.PostApiControllerTest      : The following profiles are active: oauth
2022-01-17 18:00:05.494  INFO 16318 --- [    Test worker] .s.d.r.c.RepositoryConfigurationDelegate : Bootstrapping Spring Data repositories in DEFAULT mode.
2022-01-17 18:00:05.614  INFO 16318 --- [    Test worker] .s.d.r.c.RepositoryConfigurationDelegate : Finished Spring Data repository scanning in 112ms. Found 2 repository interfaces.
2022-01-17 18:00:06.742  INFO 16318 --- [    Test worker] trationDelegate$BeanPostProcessorChecker : Bean 'org.springframework.transaction.annotation.ProxyTransactionManagementConfiguration' of type [org.springframework.transaction.annotation.ProxyTransactionManagementConfiguration$$EnhancerBySpringCGLIB$$f47641f5] is not eligible for getting processed by all BeanPostProcessors (for example: not eligible for auto-proxying)
2022-01-17 18:00:07.518  INFO 16318 --- [    Test worker] o.s.b.w.embedded.tomcat.TomcatWebServer  : Tomcat initialized with port(s): 0 (http)
2022-01-17 18:00:07.556  INFO 16318 --- [    Test worker] o.apache.catalina.core.StandardService   : Starting service [Tomcat]
2022-01-17 18:00:07.557  INFO 16318 --- [    Test worker] org.apache.catalina.core.StandardEngine  : Starting Servlet engine: [Apache Tomcat/9.0.26]
2022-01-17 18:00:07.749  INFO 16318 --- [    Test worker] o.a.c.c.C.[Tomcat].[localhost].[/]       : Initializing Spring embedded WebApplicationContext
2022-01-17 18:00:07.749  INFO 16318 --- [    Test worker] o.s.web.context.ContextLoader            : Root WebApplicationContext: initialization completed in 3542 ms
2022-01-17 18:00:08.197  INFO 16318 --- [    Test worker] com.zaxxer.hikari.HikariDataSource       : HikariPool-1 - Starting...
2022-01-17 18:00:08.405  INFO 16318 --- [    Test worker] com.zaxxer.hikari.HikariDataSource       : HikariPool-1 - Start completed.
2022-01-17 18:00:08.611  INFO 16318 --- [    Test worker] o.hibernate.jpa.internal.util.LogHelper  : HHH000204: Processing PersistenceUnitInfo [
	name: default
	...]
2022-01-17 18:00:08.672  INFO 16318 --- [    Test worker] org.hibernate.Version                    : HHH000412: Hibernate Core {5.3.12.Final}
2022-01-17 18:00:08.674  INFO 16318 --- [    Test worker] org.hibernate.cfg.Environment            : HHH000206: hibernate.properties not found
2022-01-17 18:00:08.833  INFO 16318 --- [    Test worker] o.hibernate.annotations.common.Version   : HCANN000001: Hibernate Commons Annotations {5.0.4.Final}
2022-01-17 18:00:08.950  INFO 16318 --- [    Test worker] org.hibernate.dialect.Dialect            : HHH000400: Using dialect: org.hibernate.dialect.MySQL5Dialect
Hibernate: drop table if exists posts
Hibernate: drop table if exists user
Hibernate: create table posts (id bigint not null auto_increment, created_date datetime, modified_date datetime, author varchar(255), content Text not null, title varchar(500) not null, primary key (id)) engine=MyISAM
Hibernate: create table user (id bigint not null auto_increment, created_date datetime, modified_date datetime, email varchar(255) not null, name varchar(255) not null, picture varchar(255) not null, role varchar(255) not null, primary key (id)) engine=MyISAM
2022-01-17 18:00:09.682  INFO 16318 --- [    Test worker] o.h.t.schema.internal.SchemaCreatorImpl  : HHH000476: Executing import script 'org.hibernate.tool.schema.internal.exec.ScriptSourceInputNonExistentImpl@6d41b57'
2022-01-17 18:00:09.685  INFO 16318 --- [    Test worker] j.LocalContainerEntityManagerFactoryBean : Initialized JPA EntityManagerFactory for persistence unit 'default'
2022-01-17 18:00:11.241  INFO 16318 --- [    Test worker] o.h.h.i.QueryTranslatorFactoryInitiator  : HHH000397: Using ASTQueryTranslatorFactory
2022-01-17 18:00:11.709  INFO 16318 --- [    Test worker] o.s.s.web.DefaultSecurityFilterChain     : Creating filter chain: any request, [org.springframework.security.web.context.request.async.WebAsyncManagerIntegrationFilter@248f3270, org.springframework.security.web.context.SecurityContextPersistenceFilter@19a103fc, org.springframework.security.web.header.HeaderWriterFilter@78845f6, org.springframework.security.web.authentication.logout.LogoutFilter@4a3768, org.springframework.security.oauth2.client.web.OAuth2AuthorizationRequestRedirectFilter@401ab84b, org.springframework.security.oauth2.client.web.OAuth2LoginAuthenticationFilter@43e6dd7e, org.springframework.security.web.authentication.ui.DefaultLoginPageGeneratingFilter@2bce9863, org.springframework.security.web.authentication.ui.DefaultLogoutPageGeneratingFilter@41f7c1f, org.springframework.security.web.savedrequest.RequestCacheAwareFilter@287ea3db, org.springframework.security.web.servletapi.SecurityContextHolderAwareRequestFilter@65eea869, org.springframework.security.web.authentication.AnonymousAuthenticationFilter@1e6adb02, org.springframework.security.web.session.SessionManagementFilter@9428b49, org.springframework.security.web.access.ExceptionTranslationFilter@384a162c, org.springframework.security.web.access.intercept.FilterSecurityInterceptor@6805d6b1]
2022-01-17 18:00:12.162  INFO 16318 --- [    Test worker] o.s.s.concurrent.ThreadPoolTaskExecutor  : Initializing ExecutorService 'applicationTaskExecutor'
2022-01-17 18:00:12.239  WARN 16318 --- [    Test worker] aWebConfiguration$JpaWebMvcConfiguration : spring.jpa.open-in-view is enabled by default. Therefore, database queries may be performed during view rendering. Explicitly configure spring.jpa.open-in-view to disable this warning
2022-01-17 18:00:12.355  INFO 16318 --- [    Test worker] o.s.b.a.w.s.WelcomePageHandlerMapping    : Adding welcome page template: index
2022-01-17 18:00:13.240  INFO 16318 --- [    Test worker] s.a.ScheduledAnnotationBeanPostProcessor : No TaskScheduler/ScheduledExecutorService bean found for scheduled processing
2022-01-17 18:00:13.278  INFO 16318 --- [    Test worker] o.s.b.w.embedded.tomcat.TomcatWebServer  : Tomcat started on port(s): 57422 (http) with context path ''
2022-01-17 18:00:13.283  INFO 16318 --- [    Test worker] c.e.admin.web.PostApiControllerTest      : Started PostApiControllerTest in 9.63 seconds (JVM running for 10.934)
2022-01-17 18:00:13.385  INFO 16318 --- [    Test worker] o.a.c.c.C.[Tomcat].[localhost].[/]       : Initializing Spring TestDispatcherServlet ''
2022-01-17 18:00:13.386  INFO 16318 --- [    Test worker] o.s.t.web.servlet.TestDispatcherServlet  : Initializing Servlet ''
2022-01-17 18:00:13.404  INFO 16318 --- [    Test worker] o.s.t.web.servlet.TestDispatcherServlet  : Completed initialization in 18 ms
Hibernate: insert into posts (created_date, modified_date, author, content, title) values (?, ?, ?, ?, ?)
Hibernate: select posts0_.id as id1_0_, posts0_.created_date as created_2_0_, posts0_.modified_date as modified3_0_, posts0_.author as author4_0_, posts0_.content as content5_0_, posts0_.title as title6_0_ from posts posts0_
Hibernate: select posts0_.id as id1_0_, posts0_.created_date as created_2_0_, posts0_.modified_date as modified3_0_, posts0_.author as author4_0_, posts0_.content as content5_0_, posts0_.title as title6_0_ from posts posts0_
Hibernate: delete from posts where id=?
2022-01-17 18:00:13.750  INFO 16318 --- [    Test worker] o.a.c.c.C.[Tomcat].[localhost].[/]       : Initializing Spring TestDispatcherServlet ''
2022-01-17 18:00:13.750  INFO 16318 --- [    Test worker] o.s.t.web.servlet.TestDispatcherServlet  : Initializing Servlet ''
2022-01-17 18:00:13.752  INFO 16318 --- [    Test worker] o.s.t.web.servlet.TestDispatcherServlet  : Completed initialization in 2 ms
Hibernate: insert into posts (created_date, modified_date, author, content, title) values (?, ?, ?, ?, ?)
Hibernate: select posts0_.id as id1_0_0_, posts0_.created_date as created_2_0_0_, posts0_.modified_date as modified3_0_0_, posts0_.author as author4_0_0_, posts0_.content as content5_0_0_, posts0_.title as title6_0_0_ from posts posts0_ where posts0_.id=?
Hibernate: update posts set created_date=?, modified_date=?, author=?, content=?, title=? where id=?
Hibernate: select posts0_.id as id1_0_, posts0_.created_date as created_2_0_, posts0_.modified_date as modified3_0_, posts0_.author as author4_0_, posts0_.content as content5_0_, posts0_.title as title6_0_ from posts posts0_
Hibernate: select posts0_.id as id1_0_, posts0_.created_date as created_2_0_, posts0_.modified_date as modified3_0_, posts0_.author as author4_0_, posts0_.content as content5_0_, posts0_.title as title6_0_ from posts posts0_
Hibernate: delete from posts where id=?
]]></system-out>
  <system-err><![CDATA[]]></system-err>
</testsuite>
